CRITICAL - 2021-09-16 07:09:11 --> Invalid file: layouts/footer.php
#0 C:\xampp\htdocs\helloworld\vendor\codeigniter4\framework\system\View\View.php(198): CodeIgniter\Exceptions\FrameworkException::forInvalidFile('layouts/footer....')
#1 C:\xampp\htdocs\helloworld\vendor\codeigniter4\framework\system\Common.php(1092): CodeIgniter\View\View->render('layouts/footer', Array, true)
#2 C:\xampp\htdocs\helloworld\app\Config\Routes.php(42): view('layouts/footer')
#3 C:\xampp\htdocs\helloworld\vendor\codeigniter4\framework\system\CodeIgniter.php(758): CodeIgniter\CodeIgniter->Config\{closure}()
#4 C:\xampp\htdocs\helloworld\vendor\codeigniter4\framework\system\CodeIgniter.php(386): CodeIgniter\CodeIgniter->startController()
#5 C:\xampp\htdocs\helloworld\vendor\codeigniter4\framework\system\CodeIgniter.php(317): CodeIgniter\CodeIgniter->handleRequest(NULL, Object(Config\Cache), false)
#6 C:\xampp\htdocs\helloworld\public\index.php(37): CodeIgniter\CodeIgniter->run()
#7 C:\xampp\htdocs\helloworld\vendor\codeigniter4\framework\system\Commands\Server\rewrite.php(43): require_once('C:\\xampp\\htdocs...')
#8 {main}
CRITICAL - 2021-09-16 07:09:18 --> Invalid file: layouts/footer.php
#0 C:\xampp\htdocs\helloworld\vendor\codeigniter4\framework\system\View\View.php(198): CodeIgniter\Exceptions\FrameworkException::forInvalidFile('layouts/footer....')
#1 C:\xampp\htdocs\helloworld\vendor\codeigniter4\framework\system\Common.php(1092): CodeIgniter\View\View->render('layouts/footer', Array, true)
#2 C:\xampp\htdocs\helloworld\app\Config\Routes.php(42): view('layouts/footer')
#3 C:\xampp\htdocs\helloworld\vendor\codeigniter4\framework\system\CodeIgniter.php(758): CodeIgniter\CodeIgniter->Config\{closure}()
#4 C:\xampp\htdocs\helloworld\vendor\codeigniter4\framework\system\CodeIgniter.php(386): CodeIgniter\CodeIgniter->startController()
#5 C:\xampp\htdocs\helloworld\vendor\codeigniter4\framework\system\CodeIgniter.php(317): CodeIgniter\CodeIgniter->handleRequest(NULL, Object(Config\Cache), false)
#6 C:\xampp\htdocs\helloworld\public\index.php(37): CodeIgniter\CodeIgniter->run()
#7 C:\xampp\htdocs\helloworld\vendor\codeigniter4\framework\system\Commands\Server\rewrite.php(43): require_once('C:\\xampp\\htdocs...')
#8 {main}
CRITICAL - 2021-09-16 07:09:28 --> Invalid file: layouts/footer.php
#0 C:\xampp\htdocs\helloworld\vendor\codeigniter4\framework\system\View\View.php(198): CodeIgniter\Exceptions\FrameworkException::forInvalidFile('layouts/footer....')
#1 C:\xampp\htdocs\helloworld\vendor\codeigniter4\framework\system\Common.php(1092): CodeIgniter\View\View->render('layouts/footer', Array, true)
#2 C:\xampp\htdocs\helloworld\app\Config\Routes.php(42): view('layouts/footer')
#3 C:\xampp\htdocs\helloworld\vendor\codeigniter4\framework\system\CodeIgniter.php(758): CodeIgniter\CodeIgniter->Config\{closure}()
#4 C:\xampp\htdocs\helloworld\vendor\codeigniter4\framework\system\CodeIgniter.php(386): CodeIgniter\CodeIgniter->startController()
#5 C:\xampp\htdocs\helloworld\vendor\codeigniter4\framework\system\CodeIgniter.php(317): CodeIgniter\CodeIgniter->handleRequest(NULL, Object(Config\Cache), false)
#6 C:\xampp\htdocs\helloworld\public\index.php(37): CodeIgniter\CodeIgniter->run()
#7 C:\xampp\htdocs\helloworld\vendor\codeigniter4\framework\system\Commands\Server\rewrite.php(43): require_once('C:\\xampp\\htdocs...')
#8 {main}
CRITICAL - 2021-09-16 07:10:20 --> Invalid file: layouts/footer.php
#0 C:\xampp\htdocs\helloworld\vendor\codeigniter4\framework\system\View\View.php(198): CodeIgniter\Exceptions\FrameworkException::forInvalidFile('layouts/footer....')
#1 C:\xampp\htdocs\helloworld\vendor\codeigniter4\framework\system\Common.php(1092): CodeIgniter\View\View->render('layouts/footer', Array, true)
#2 C:\xampp\htdocs\helloworld\app\Config\Routes.php(42): view('layouts/footer')
#3 C:\xampp\htdocs\helloworld\vendor\codeigniter4\framework\system\CodeIgniter.php(758): CodeIgniter\CodeIgniter->Config\{closure}()
#4 C:\xampp\htdocs\helloworld\vendor\codeigniter4\framework\system\CodeIgniter.php(386): CodeIgniter\CodeIgniter->startController()
#5 C:\xampp\htdocs\helloworld\vendor\codeigniter4\framework\system\CodeIgniter.php(317): CodeIgniter\CodeIgniter->handleRequest(NULL, Object(Config\Cache), false)
#6 C:\xampp\htdocs\helloworld\public\index.php(37): CodeIgniter\CodeIgniter->run()
#7 C:\xampp\htdocs\helloworld\vendor\codeigniter4\framework\system\Commands\Server\rewrite.php(43): require_once('C:\\xampp\\htdocs...')
#8 {main}
CRITICAL - 2021-09-16 07:12:43 --> Invalid file: layouts/footer.php
#0 C:\xampp\htdocs\helloworld\vendor\codeigniter4\framework\system\View\View.php(198): CodeIgniter\Exceptions\FrameworkException::forInvalidFile('layouts/footer....')
#1 C:\xampp\htdocs\helloworld\vendor\codeigniter4\framework\system\Common.php(1092): CodeIgniter\View\View->render('layouts/footer', Array, true)
#2 C:\xampp\htdocs\helloworld\app\Config\Routes.php(42): view('layouts/footer')
#3 C:\xampp\htdocs\helloworld\vendor\codeigniter4\framework\system\CodeIgniter.php(758): CodeIgniter\CodeIgniter->Config\{closure}()
#4 C:\xampp\htdocs\helloworld\vendor\codeigniter4\framework\system\CodeIgniter.php(386): CodeIgniter\CodeIgniter->startController()
#5 C:\xampp\htdocs\helloworld\vendor\codeigniter4\framework\system\CodeIgniter.php(317): CodeIgniter\CodeIgniter->handleRequest(NULL, Object(Config\Cache), false)
#6 C:\xampp\htdocs\helloworld\public\index.php(37): CodeIgniter\CodeIgniter->run()
#7 C:\xampp\htdocs\helloworld\vendor\codeigniter4\framework\system\Commands\Server\rewrite.php(43): require_once('C:\\xampp\\htdocs...')
#8 {main}
CRITICAL - 2021-09-16 07:13:52 --> Invalid file: layouts/footer.php
#0 C:\xampp\htdocs\helloworld\vendor\codeigniter4\framework\system\View\View.php(198): CodeIgniter\Exceptions\FrameworkException::forInvalidFile('layouts/footer....')
#1 C:\xampp\htdocs\helloworld\vendor\codeigniter4\framework\system\Common.php(1092): CodeIgniter\View\View->render('layouts/footer', Array, true)
#2 C:\xampp\htdocs\helloworld\app\Config\Routes.php(42): view('layouts/footer')
#3 C:\xampp\htdocs\helloworld\vendor\codeigniter4\framework\system\CodeIgniter.php(758): CodeIgniter\CodeIgniter->Config\{closure}()
#4 C:\xampp\htdocs\helloworld\vendor\codeigniter4\framework\system\CodeIgniter.php(386): CodeIgniter\CodeIgniter->startController()
#5 C:\xampp\htdocs\helloworld\vendor\codeigniter4\framework\system\CodeIgniter.php(317): CodeIgniter\CodeIgniter->handleRequest(NULL, Object(Config\Cache), false)
#6 C:\xampp\htdocs\helloworld\public\index.php(37): CodeIgniter\CodeIgniter->run()
#7 C:\xampp\htdocs\helloworld\vendor\codeigniter4\framework\system\Commands\Server\rewrite.php(43): require_once('C:\\xampp\\htdocs...')
#8 {main}
CRITICAL - 2021-09-16 07:15:05 --> Invalid file: layouts/footer.php
#0 C:\xampp\htdocs\helloworld\vendor\codeigniter4\framework\system\View\View.php(198): CodeIgniter\Exceptions\FrameworkException::forInvalidFile('layouts/footer....')
#1 C:\xampp\htdocs\helloworld\vendor\codeigniter4\framework\system\Common.php(1092): CodeIgniter\View\View->render('layouts/footer', Array, true)
#2 C:\xampp\htdocs\helloworld\app\Config\Routes.php(42): view('layouts/footer')
#3 C:\xampp\htdocs\helloworld\vendor\codeigniter4\framework\system\CodeIgniter.php(758): CodeIgniter\CodeIgniter->Config\{closure}()
#4 C:\xampp\htdocs\helloworld\vendor\codeigniter4\framework\system\CodeIgniter.php(386): CodeIgniter\CodeIgniter->startController()
#5 C:\xampp\htdocs\helloworld\vendor\codeigniter4\framework\system\CodeIgniter.php(317): CodeIgniter\CodeIgniter->handleRequest(NULL, Object(Config\Cache), false)
#6 C:\xampp\htdocs\helloworld\public\index.php(37): CodeIgniter\CodeIgniter->run()
#7 C:\xampp\htdocs\helloworld\vendor\codeigniter4\framework\system\Commands\Server\rewrite.php(43): require_once('C:\\xampp\\htdocs...')
#8 {main}
CRITICAL - 2021-09-16 07:15:46 --> Invalid file: layouts/footer.php
#0 C:\xampp\htdocs\helloworld\vendor\codeigniter4\framework\system\View\View.php(198): CodeIgniter\Exceptions\FrameworkException::forInvalidFile('layouts/footer....')
#1 C:\xampp\htdocs\helloworld\vendor\codeigniter4\framework\system\Common.php(1092): CodeIgniter\View\View->render('layouts/footer', Array, true)
#2 C:\xampp\htdocs\helloworld\app\Config\Routes.php(42): view('layouts/footer')
#3 C:\xampp\htdocs\helloworld\vendor\codeigniter4\framework\system\CodeIgniter.php(758): CodeIgniter\CodeIgniter->Config\{closure}()
#4 C:\xampp\htdocs\helloworld\vendor\codeigniter4\framework\system\CodeIgniter.php(386): CodeIgniter\CodeIgniter->startController()
#5 C:\xampp\htdocs\helloworld\vendor\codeigniter4\framework\system\CodeIgniter.php(317): CodeIgniter\CodeIgniter->handleRequest(NULL, Object(Config\Cache), false)
#6 C:\xampp\htdocs\helloworld\public\index.php(37): CodeIgniter\CodeIgniter->run()
#7 C:\xampp\htdocs\helloworld\vendor\codeigniter4\framework\system\Commands\Server\rewrite.php(43): require_once('C:\\xampp\\htdocs...')
#8 {main}
CRITICAL - 2021-09-16 07:15:51 --> Invalid file: layouts/footer.php
#0 C:\xampp\htdocs\helloworld\vendor\codeigniter4\framework\system\View\View.php(198): CodeIgniter\Exceptions\FrameworkException::forInvalidFile('layouts/footer....')
#1 C:\xampp\htdocs\helloworld\vendor\codeigniter4\framework\system\Common.php(1092): CodeIgniter\View\View->render('layouts/footer', Array, true)
#2 C:\xampp\htdocs\helloworld\app\Config\Routes.php(42): view('layouts/footer')
#3 C:\xampp\htdocs\helloworld\vendor\codeigniter4\framework\system\CodeIgniter.php(758): CodeIgniter\CodeIgniter->Config\{closure}()
#4 C:\xampp\htdocs\helloworld\vendor\codeigniter4\framework\system\CodeIgniter.php(386): CodeIgniter\CodeIgniter->startController()
#5 C:\xampp\htdocs\helloworld\vendor\codeigniter4\framework\system\CodeIgniter.php(317): CodeIgniter\CodeIgniter->handleRequest(NULL, Object(Config\Cache), false)
#6 C:\xampp\htdocs\helloworld\public\index.php(37): CodeIgniter\CodeIgniter->run()
#7 C:\xampp\htdocs\helloworld\vendor\codeigniter4\framework\system\Commands\Server\rewrite.php(43): require_once('C:\\xampp\\htdocs...')
#8 {main}
CRITICAL - 2021-09-16 07:41:39 --> Invalid file: layouts/footer.php
#0 C:\xampp\htdocs\helloworld\vendor\codeigniter4\framework\system\View\View.php(198): CodeIgniter\Exceptions\FrameworkException::forInvalidFile('layouts/footer....')
#1 C:\xampp\htdocs\helloworld\vendor\codeigniter4\framework\system\Common.php(1092): CodeIgniter\View\View->render('layouts/footer', Array, true)
#2 C:\xampp\htdocs\helloworld\app\Config\Routes.php(42): view('layouts/footer')
#3 C:\xampp\htdocs\helloworld\vendor\codeigniter4\framework\system\CodeIgniter.php(758): CodeIgniter\CodeIgniter->Config\{closure}()
#4 C:\xampp\htdocs\helloworld\vendor\codeigniter4\framework\system\CodeIgniter.php(386): CodeIgniter\CodeIgniter->startController()
#5 C:\xampp\htdocs\helloworld\vendor\codeigniter4\framework\system\CodeIgniter.php(317): CodeIgniter\CodeIgniter->handleRequest(NULL, Object(Config\Cache), false)
#6 C:\xampp\htdocs\helloworld\public\index.php(37): CodeIgniter\CodeIgniter->run()
#7 C:\xampp\htdocs\helloworld\vendor\codeigniter4\framework\system\Commands\Server\rewrite.php(43): require_once('C:\\xampp\\htdocs...')
#8 {main}
CRITICAL - 2021-09-16 17:26:17 --> Call to undefined function CodeIgniter\locale_set_default()
#0 C:\xampp\htdocs\helloswitie\vendor\codeigniter4\framework\system\bootstrap.php(146): CodeIgniter\CodeIgniter->initialize()
#1 C:\xampp\htdocs\helloswitie\spark(46): require('C:\\xampp\\htdocs...')
#2 {main}
CRITICAL - 2021-09-16 17:36:58 --> Call to undefined function CodeIgniter\locale_set_default()
#0 C:\xampp\htdocs\helloswitie\vendor\codeigniter4\framework\system\bootstrap.php(146): CodeIgniter\CodeIgniter->initialize()
#1 C:\xampp\htdocs\helloswitie\spark(46): require('C:\\xampp\\htdocs...')
#2 {main}
CRITICAL - 2021-09-16 17:41:50 --> Call to undefined function CodeIgniter\locale_set_default()
#0 C:\xampp\htdocs\helloswitie\vendor\codeigniter4\framework\system\bootstrap.php(146): CodeIgniter\CodeIgniter->initialize()
#1 C:\xampp\htdocs\helloswitie\spark(46): require('C:\\xampp\\htdocs...')
#2 {main}
CRITICAL - 2021-09-16 18:48:47 --> Call to undefined function CodeIgniter\locale_set_default()
#0 C:\xampp\htdocs\WebLanjut\vendor\codeigniter4\framework\system\bootstrap.php(146): CodeIgniter\CodeIgniter->initialize()
#1 C:\xampp\htdocs\WebLanjut\spark(46): require('C:\\xampp\\htdocs...')
#2 {main}
